TN:
SF:src/index.js
FN:24,(anonymous_5)
FNF:1
FNH:0
FNDA:0,(anonymous_5)
DA:15,0
DA:16,0
DA:17,0
DA:20,0
DA:23,0
DA:24,0
LF:6
LH:0
BRF:0
BRH:0
end_of_record
TN:
SF:src/rustyleaf-api.js
FN:8,checkWebGLSupport
FN:55,(anonymous_1)
FN:130,(anonymous_2)
FN:135,(anonymous_3)
FN:140,(anonymous_4)
FN:145,(anonymous_5)
FN:151,(anonymous_6)
FN:155,(anonymous_7)
FN:160,(anonymous_8)
FN:164,(anonymous_9)
FN:169,(anonymous_10)
FN:174,(anonymous_11)
FN:182,(anonymous_12)
FN:192,(anonymous_13)
FN:197,(anonymous_14)
FN:202,(anonymous_15)
FN:222,(anonymous_16)
FN:242,(anonymous_17)
FN:246,(anonymous_18)
FN:253,(anonymous_19)
FN:259,(anonymous_20)
FN:264,(anonymous_21)
FN:269,(anonymous_22)
FN:274,(anonymous_23)
FN:279,(anonymous_24)
FN:288,(anonymous_25)
FN:289,(anonymous_26)
FN:302,(anonymous_27)
FN:307,(anonymous_28)
FN:312,(anonymous_29)
FN:320,(anonymous_30)
FN:331,(anonymous_31)
FN:333,(anonymous_32)
FN:346,(anonymous_33)
FN:353,(anonymous_34)
FN:362,(anonymous_35)
FN:368,(anonymous_36)
FN:376,(anonymous_37)
FN:380,(anonymous_38)
FN:382,(anonymous_39)
FN:383,(anonymous_40)
FN:396,(anonymous_41)
FN:401,(anonymous_42)
FN:412,(anonymous_43)
FN:419,(anonymous_44)
FN:427,(anonymous_45)
FN:452,(anonymous_46)
FN:460,(anonymous_47)
FN:468,(anonymous_48)
FN:473,(anonymous_49)
FN:502,(anonymous_50)
FN:518,(anonymous_51)
FN:527,(anonymous_52)
FN:538,(anonymous_53)
FN:542,(anonymous_54)
FN:552,(anonymous_55)
FN:563,(anonymous_56)
FN:594,(anonymous_57)
FN:613,(anonymous_58)
FN:624,(anonymous_59)
FN:637,(anonymous_60)
FN:665,(anonymous_61)
FN:694,(anonymous_62)
FN:718,(anonymous_63)
FN:723,(anonymous_64)
FN:728,(anonymous_65)
FN:736,(anonymous_66)
FN:750,(anonymous_67)
FN:763,(anonymous_68)
FN:771,(anonymous_69)
FN:778,(anonymous_70)
FN:779,(anonymous_71)
FN:794,(anonymous_72)
FN:798,(anonymous_73)
FN:800,(anonymous_74)
FN:801,(anonymous_75)
FN:802,(anonymous_76)
FN:812,(anonymous_77)
FN:817,(anonymous_78)
FN:828,(anonymous_79)
FN:835,(anonymous_80)
FN:843,(anonymous_81)
FN:857,(anonymous_82)
FN:863,(anonymous_83)
FN:865,(anonymous_84)
FN:866,(anonymous_85)
FN:873,(anonymous_86)
FN:881,(anonymous_87)
FN:883,(anonymous_88)
FN:898,(anonymous_89)
FN:900,(anonymous_90)
FN:945,(anonymous_91)
FN:955,(anonymous_92)
FN:965,(anonymous_93)
FN:985,(anonymous_94)
FN:1024,(anonymous_95)
FN:1035,(anonymous_96)
FN:1047,(anonymous_97)
FN:1056,(anonymous_98)
FN:1070,(anonymous_99)
FN:1086,(anonymous_100)
FN:1096,(anonymous_101)
FN:1105,(anonymous_102)
FN:1112,(anonymous_103)
FN:1131,(anonymous_104)
FN:1133,(anonymous_105)
FN:1159,(anonymous_106)
FN:1165,(anonymous_107)
FN:1178,(anonymous_108)
FN:1186,(anonymous_109)
FN:1190,(anonymous_110)
FN:1195,(anonymous_111)
FN:1226,(anonymous_112)
FN:1239,(anonymous_113)
FN:1255,(anonymous_114)
FN:1256,(anonymous_115)
FN:1261,(anonymous_116)
FN:1268,(anonymous_117)
FNF:118
FNH:0
FNDA:0,checkWebGLSupport
FNDA:0,(anonymous_1)
FNDA:0,(anonymous_2)
FNDA:0,(anonymous_3)
FNDA:0,(anonymous_4)
FNDA:0,(anonymous_5)
FNDA:0,(anonymous_6)
FNDA:0,(anonymous_7)
FNDA:0,(anonymous_8)
FNDA:0,(anonymous_9)
FNDA:0,(anonymous_10)
FNDA:0,(anonymous_11)
FNDA:0,(anonymous_12)
FNDA:0,(anonymous_13)
FNDA:0,(anonymous_14)
FNDA:0,(anonymous_15)
FNDA:0,(anonymous_16)
FNDA:0,(anonymous_17)
FNDA:0,(anonymous_18)
FNDA:0,(anonymous_19)
FNDA:0,(anonymous_20)
FNDA:0,(anonymous_21)
FNDA:0,(anonymous_22)
FNDA:0,(anonymous_23)
FNDA:0,(anonymous_24)
FNDA:0,(anonymous_25)
FNDA:0,(anonymous_26)
FNDA:0,(anonymous_27)
FNDA:0,(anonymous_28)
FNDA:0,(anonymous_29)
FNDA:0,(anonymous_30)
FNDA:0,(anonymous_31)
FNDA:0,(anonymous_32)
FNDA:0,(anonymous_33)
FNDA:0,(anonymous_34)
FNDA:0,(anonymous_35)
FNDA:0,(anonymous_36)
FNDA:0,(anonymous_37)
FNDA:0,(anonymous_38)
FNDA:0,(anonymous_39)
FNDA:0,(anonymous_40)
FNDA:0,(anonymous_41)
FNDA:0,(anonymous_42)
FNDA:0,(anonymous_43)
FNDA:0,(anonymous_44)
FNDA:0,(anonymous_45)
FNDA:0,(anonymous_46)
FNDA:0,(anonymous_47)
FNDA:0,(anonymous_48)
FNDA:0,(anonymous_49)
FNDA:0,(anonymous_50)
FNDA:0,(anonymous_51)
FNDA:0,(anonymous_52)
FNDA:0,(anonymous_53)
FNDA:0,(anonymous_54)
FNDA:0,(anonymous_55)
FNDA:0,(anonymous_56)
FNDA:0,(anonymous_57)
FNDA:0,(anonymous_58)
FNDA:0,(anonymous_59)
FNDA:0,(anonymous_60)
FNDA:0,(anonymous_61)
FNDA:0,(anonymous_62)
FNDA:0,(anonymous_63)
FNDA:0,(anonymous_64)
FNDA:0,(anonymous_65)
FNDA:0,(anonymous_66)
FNDA:0,(anonymous_67)
FNDA:0,(anonymous_68)
FNDA:0,(anonymous_69)
FNDA:0,(anonymous_70)
FNDA:0,(anonymous_71)
FNDA:0,(anonymous_72)
FNDA:0,(anonymous_73)
FNDA:0,(anonymous_74)
FNDA:0,(anonymous_75)
FNDA:0,(anonymous_76)
FNDA:0,(anonymous_77)
FNDA:0,(anonymous_78)
FNDA:0,(anonymous_79)
FNDA:0,(anonymous_80)
FNDA:0,(anonymous_81)
FNDA:0,(anonymous_82)
FNDA:0,(anonymous_83)
FNDA:0,(anonymous_84)
FNDA:0,(anonymous_85)
FNDA:0,(anonymous_86)
FNDA:0,(anonymous_87)
FNDA:0,(anonymous_88)
FNDA:0,(anonymous_89)
FNDA:0,(anonymous_90)
FNDA:0,(anonymous_91)
FNDA:0,(anonymous_92)
FNDA:0,(anonymous_93)
FNDA:0,(anonymous_94)
FNDA:0,(anonymous_95)
FNDA:0,(anonymous_96)
FNDA:0,(anonymous_97)
FNDA:0,(anonymous_98)
FNDA:0,(anonymous_99)
FNDA:0,(anonymous_100)
FNDA:0,(anonymous_101)
FNDA:0,(anonymous_102)
FNDA:0,(anonymous_103)
FNDA:0,(anonymous_104)
FNDA:0,(anonymous_105)
FNDA:0,(anonymous_106)
FNDA:0,(anonymous_107)
FNDA:0,(anonymous_108)
FNDA:0,(anonymous_109)
FNDA:0,(anonymous_110)
FNDA:0,(anonymous_111)
FNDA:0,(anonymous_112)
FNDA:0,(anonymous_113)
FNDA:0,(anonymous_114)
FNDA:0,(anonymous_115)
FNDA:0,(anonymous_116)
FNDA:0,(anonymous_117)
DA:5,0
DA:9,0
DA:10,0
DA:11,0
DA:13,0
DA:14,0
DA:26,0
DA:27,0
DA:29,0
DA:40,0
DA:57,0
DA:58,0
DA:60,0
DA:64,0
DA:65,0
DA:66,0
DA:69,0
DA:70,0
DA:71,0
DA:72,0
DA:73,0
DA:74,0
DA:75,0
DA:78,0
DA:79,0
DA:82,0
DA:83,0
DA:85,0
DA:86,0
DA:87,0
DA:95,0
DA:98,0
DA:99,0
DA:103,0
DA:104,0
DA:105,0
DA:107,0
DA:108,0
DA:115,0
DA:119,0
DA:120,0
DA:121,0
DA:124,0
DA:127,0
DA:131,0
DA:132,0
DA:136,0
DA:137,0
DA:141,0
DA:142,0
DA:146,0
DA:147,0
DA:152,0
DA:156,0
DA:157,0
DA:161,0
DA:165,0
DA:166,0
DA:170,0
DA:171,0
DA:175,0
DA:176,0
DA:184,0
DA:188,0
DA:189,0
DA:193,0
DA:194,0
DA:198,0
DA:199,0
DA:203,0
DA:215,0
DA:216,0
DA:217,0
DA:219,0
DA:223,0
DA:235,0
DA:236,0
DA:237,0
DA:239,0
DA:243,0
DA:246,0
DA:247,0
DA:248,0
DA:249,0
DA:250,0
DA:253,0
DA:254,0
DA:255,0
DA:259,0
DA:260,0
DA:261,0
DA:264,0
DA:265,0
DA:266,0
DA:269,0
DA:270,0
DA:271,0
DA:274,0
DA:275,0
DA:280,0
DA:281,0
DA:282,0
DA:283,0
DA:284,0
DA:285,0
DA:289,0
DA:290,0
DA:291,0
DA:293,0
DA:298,0
DA:303,0
DA:304,0
DA:308,0
DA:309,0
DA:314,0
DA:322,0
DA:323,0
DA:326,0
DA:328,0
DA:333,0
DA:341,0
DA:342,0
DA:343,0
DA:347,0
DA:349,0
DA:350,0
DA:354,0
DA:355,0
DA:356,0
DA:357,0
DA:359,0
DA:363,0
DA:364,0
DA:365,0
DA:370,0
DA:377,0
DA:382,0
DA:383,0
DA:392,0
DA:393,0
DA:397,0
DA:398,0
DA:402,0
DA:404,0
DA:405,0
DA:407,0
DA:409,0
DA:413,0
DA:414,0
DA:415,0
DA:416,0
DA:421,0
DA:428,0
DA:443,0
DA:444,0
DA:445,0
DA:446,0
DA:447,0
DA:448,0
DA:449,0
DA:453,0
DA:454,0
DA:455,0
DA:457,0
DA:461,0
DA:462,0
DA:463,0
DA:465,0
DA:469,0
DA:470,0
DA:474,0
DA:475,0
DA:478,0
DA:479,0
DA:482,0
DA:483,0
DA:484,0
DA:485,0
DA:486,0
DA:488,0
DA:489,0
DA:492,0
DA:493,0
DA:497,0
DA:499,0
DA:503,0
DA:504,0
DA:507,0
DA:508,0
DA:511,0
DA:512,0
DA:513,0
DA:515,0
DA:519,0
DA:520,0
DA:522,0
DA:524,0
DA:528,0
DA:529,0
DA:532,0
DA:533,0
DA:534,0
DA:535,0
DA:539,0
DA:543,0
DA:544,0
DA:545,0
DA:546,0
DA:549,0
DA:553,0
DA:554,0
DA:555,0
DA:556,0
DA:559,0
DA:564,0
DA:565,0
DA:568,0
DA:583,0
DA:586,0
DA:587,0
DA:588,0
DA:589,0
DA:591,0
DA:595,0
DA:596,0
DA:597,0
DA:610,0
DA:614,0
DA:616,0
DA:617,0
DA:618,0
DA:619,0
DA:620,0
DA:625,0
DA:627,0
DA:630,0
DA:631,0
DA:634,0
DA:638,0
DA:640,0
DA:641,0
DA:643,0
DA:644,0
DA:647,0
DA:648,0
DA:649,0
DA:650,0
DA:653,0
DA:654,0
DA:655,0
DA:656,0
DA:660,0
DA:661,0
DA:666,0
DA:668,0
DA:669,0
DA:670,0
DA:673,0
DA:674,0
DA:675,0
DA:676,0
DA:678,0
DA:680,0
DA:681,0
DA:683,0
DA:684,0
DA:686,0
DA:687,0
DA:690,0
DA:695,0
DA:696,0
DA:697,0
DA:698,0
DA:699,0
DA:718,0
DA:719,0
DA:720,0
DA:723,0
DA:724,0
DA:725,0
DA:728,0
DA:729,0
DA:730,0
DA:733,0
DA:737,0
DA:739,0
DA:743,0
DA:746,0
DA:747,0
DA:751,0
DA:752,0
DA:755,0
DA:757,0
DA:758,0
DA:759,0
DA:765,0
DA:766,0
DA:768,0
DA:772,0
DA:773,0
DA:779,0
DA:780,0
DA:781,0
DA:788,0
DA:795,0
DA:800,0
DA:802,0
DA:808,0
DA:809,0
DA:813,0
DA:814,0
DA:818,0
DA:820,0
DA:821,0
DA:823,0
DA:825,0
DA:829,0
DA:830,0
DA:831,0
DA:832,0
DA:837,0
DA:844,0
DA:845,0
DA:853,0
DA:858,0
DA:859,0
DA:864,0
DA:865,0
DA:867,0
DA:868,0
DA:879,0
DA:881,0
DA:882,0
DA:884,0
DA:885,0
DA:888,0
DA:889,0
DA:890,0
DA:891,0
DA:892,0
DA:895,0
DA:896,0
DA:898,0
DA:899,0
DA:901,0
DA:903,0
DA:904,0
DA:907,0
DA:908,0
DA:915,0
DA:916,0
DA:920,0
DA:921,0
DA:922,0
DA:923,0
DA:926,0
DA:929,0
DA:930,0
DA:939,0
DA:940,0
DA:943,0
DA:946,0
DA:947,0
DA:949,0
DA:953,0
DA:956,0
DA:957,0
DA:959,0
DA:967,0
DA:970,0
DA:971,0
DA:972,0
DA:974,0
DA:975,0
DA:977,0
DA:978,0
DA:981,0
DA:986,0
DA:987,0
DA:988,0
DA:990,0
DA:991,0
DA:993,0
DA:994,0
DA:995,0
DA:998,0
DA:999,0
DA:1000,0
DA:1003,0
DA:1004,0
DA:1005,0
DA:1008,0
DA:1010,0
DA:1011,0
DA:1012,0
DA:1013,0
DA:1014,0
DA:1015,0
DA:1020,0
DA:1025,0
DA:1026,0
DA:1027,0
DA:1029,0
DA:1036,0
DA:1037,0
DA:1038,0
DA:1040,0
DA:1043,0
DA:1048,0
DA:1049,0
DA:1050,0
DA:1052,0
DA:1057,0
DA:1058,0
DA:1065,0
DA:1071,0
DA:1072,0
DA:1074,0
DA:1075,0
DA:1078,0
DA:1079,0
DA:1082,0
DA:1087,0
DA:1088,0
DA:1089,0
DA:1090,0
DA:1092,0
DA:1097,0
DA:1099,0
DA:1101,0
DA:1106,0
DA:1109,0
DA:1110,0
DA:1112,0
DA:1113,0
DA:1115,0
DA:1117,0
DA:1119,0
DA:1121,0
DA:1123,0
DA:1125,0
DA:1127,0
DA:1131,0
DA:1132,0
DA:1133,0
DA:1134,0
DA:1135,0
DA:1136,0
DA:1137,0
DA:1141,0
DA:1142,0
DA:1143,0
DA:1144,0
DA:1147,0
DA:1150,0
DA:1152,0
DA:1161,0
DA:1166,0
DA:1167,0
DA:1168,0
DA:1169,0
DA:1171,0
DA:1174,0
DA:1184,0
DA:1186,0
DA:1187,0
DA:1188,0
DA:1190,0
DA:1191,0
DA:1192,0
DA:1195,0
DA:1196,0
DA:1197,0
DA:1200,0
DA:1203,0
DA:1204,0
DA:1212,0
DA:1213,0
DA:1215,0
DA:1216,0
DA:1222,0
DA:1226,0
DA:1227,0
DA:1228,0
DA:1229,0
DA:1231,0
DA:1234,0
DA:1240,0
DA:1241,0
DA:1244,0
DA:1245,0
DA:1246,0
DA:1248,0
DA:1251,0
DA:1256,0
DA:1257,0
DA:1264,0
DA:1269,0
DA:1270,0
DA:1271,0
DA:1273,0
DA:1278,0
DA:1281,0
LF:503
LH:0
BRDA:11,0,0,0
BRDA:11,0,1,0
BRDA:11,0,2,0
BRDA:13,1,0,0
BRDA:31,2,0,0
BRDA:31,2,1,0
BRDA:34,3,0,0
BRDA:34,3,1,0
BRDA:36,4,0,0
BRDA:36,4,1,0
BRDA:55,5,0,0
BRDA:57,6,0,0
BRDA:57,6,1,0
BRDA:85,7,0,0
BRDA:92,8,0,0
BRDA:92,8,1,0
BRDA:98,9,0,0
BRDA:119,10,0,0
BRDA:119,10,1,0
BRDA:120,11,0,0
BRDA:120,11,1,0
BRDA:216,12,0,0
BRDA:236,13,0,0
BRDA:254,14,0,0
BRDA:302,15,0,0
BRDA:322,16,0,0
BRDA:322,16,1,0
BRDA:336,17,0,0
BRDA:336,17,1,0
BRDA:337,18,0,0
BRDA:337,18,1,0
BRDA:338,19,0,0
BRDA:338,19,1,0
BRDA:354,20,0,0
BRDA:354,20,1,0
BRDA:356,21,0,0
BRDA:387,22,0,0
BRDA:387,22,1,0
BRDA:388,23,0,0
BRDA:388,23,1,0
BRDA:389,24,0,0
BRDA:389,24,1,0
BRDA:402,25,0,0
BRDA:402,25,1,0
BRDA:405,26,0,0
BRDA:427,27,0,0
BRDA:454,28,0,0
BRDA:454,29,0,0
BRDA:454,29,1,0
BRDA:462,30,0,0
BRDA:474,31,0,0
BRDA:474,32,0,0
BRDA:474,32,1,0
BRDA:478,33,0,0
BRDA:492,34,0,0
BRDA:503,35,0,0
BRDA:507,36,0,0
BRDA:507,37,0,0
BRDA:507,37,1,0
BRDA:519,38,0,0
BRDA:519,38,1,0
BRDA:528,39,0,0
BRDA:528,40,0,0
BRDA:528,40,1,0
BRDA:543,41,0,0
BRDA:545,42,0,0
BRDA:553,43,0,0
BRDA:555,44,0,0
BRDA:555,45,0,0
BRDA:555,45,1,0
BRDA:565,46,0,0
BRDA:565,46,1,0
BRDA:588,47,0,0
BRDA:588,47,1,0
BRDA:589,48,0,0
BRDA:589,48,1,0
BRDA:614,49,0,0
BRDA:616,50,0,0
BRDA:616,50,1,0
BRDA:618,51,0,0
BRDA:625,52,0,0
BRDA:625,53,0,0
BRDA:625,53,1,0
BRDA:638,54,0,0
BRDA:647,55,0,0
BRDA:647,55,1,0
BRDA:649,56,0,0
BRDA:653,57,0,0
BRDA:653,57,1,0
BRDA:655,58,0,0
BRDA:660,59,0,0
BRDA:660,60,0,0
BRDA:660,60,1,0
BRDA:666,61,0,0
BRDA:666,62,0,0
BRDA:666,62,1,0
BRDA:666,62,2,0
BRDA:678,63,0,0
BRDA:678,64,0,0
BRDA:678,64,1,0
BRDA:678,64,2,0
BRDA:678,64,3,0
BRDA:737,65,0,0
BRDA:751,66,0,0
BRDA:751,67,0,0
BRDA:751,67,1,0
BRDA:757,68,0,0
BRDA:765,69,0,0
BRDA:765,70,0,0
BRDA:765,70,1,0
BRDA:766,71,0,0
BRDA:766,72,0,0
BRDA:766,72,1,0
BRDA:772,73,0,0
BRDA:772,74,0,0
BRDA:772,74,1,0
BRDA:780,75,0,0
BRDA:784,76,0,0
BRDA:784,76,1,0
BRDA:804,77,0,0
BRDA:804,77,1,0
BRDA:805,78,0,0
BRDA:805,78,1,0
BRDA:818,79,0,0
BRDA:818,79,1,0
BRDA:821,80,0,0
BRDA:843,81,0,0
BRDA:843,82,0,0
BRDA:846,83,0,0
BRDA:846,83,1,0
BRDA:847,84,0,0
BRDA:847,84,1,0
BRDA:848,85,0,0
BRDA:848,85,1,0
BRDA:849,86,0,0
BRDA:849,86,1,0
BRDA:850,87,0,0
BRDA:850,87,1,0
BRDA:873,88,0,0
BRDA:875,89,0,0
BRDA:876,90,0,0
BRDA:877,91,0,0
BRDA:878,92,0,0
BRDA:884,93,0,0
BRDA:896,94,0,0
BRDA:896,94,1,0
BRDA:901,95,0,0
BRDA:903,96,0,0
BRDA:907,97,0,0
BRDA:929,98,0,0
BRDA:929,99,0,0
BRDA:929,99,1,0
BRDA:939,100,0,0
BRDA:946,101,0,0
BRDA:956,102,0,0
BRDA:972,103,0,0
BRDA:993,104,0,0
BRDA:998,105,0,0
BRDA:1003,106,0,0
BRDA:1008,107,0,0
BRDA:1010,108,0,0
BRDA:1010,108,1,0
BRDA:1012,109,0,0
BRDA:1014,110,0,0
BRDA:1025,111,0,0
BRDA:1025,112,0,0
BRDA:1025,112,1,0
BRDA:1036,113,0,0
BRDA:1036,114,0,0
BRDA:1036,114,1,0
BRDA:1049,115,0,0
BRDA:1057,116,0,0
BRDA:1057,117,0,0
BRDA:1057,117,1,0
BRDA:1074,118,0,0
BRDA:1075,119,0,0
BRDA:1075,119,1,0
BRDA:1087,120,0,0
BRDA:1087,120,1,0
BRDA:1089,121,0,0
BRDA:1097,122,0,0
BRDA:1106,123,0,0
BRDA:1113,124,0,0
BRDA:1113,124,1,0
BRDA:1113,124,2,0
BRDA:1113,124,3,0
BRDA:1113,124,4,0
BRDA:1113,124,5,0
BRDA:1113,124,6,0
BRDA:1141,125,0,0
BRDA:1141,125,1,0
BRDA:1143,126,0,0
BRDA:1143,126,1,0
BRDA:1150,127,0,0
BRDA:1167,128,0,0
BRDA:1167,129,0,0
BRDA:1167,129,1,0
BRDA:1178,130,0,0
BRDA:1180,131,0,0
BRDA:1181,132,0,0
BRDA:1182,133,0,0
BRDA:1183,134,0,0
BRDA:1203,135,0,0
BRDA:1212,136,0,0
BRDA:1212,136,1,0
BRDA:1215,137,0,0
BRDA:1228,138,0,0
BRDA:1240,139,0,0
BRDA:1240,140,0,0
BRDA:1240,140,1,0
BRDA:1245,141,0,0
BRDA:1245,141,1,0
BRDA:1264,142,0,0
BRDA:1264,142,1,0
BRDA:1264,143,0,0
BRDA:1264,143,1,0
BRDA:1270,144,0,0
BRDA:1270,145,0,0
BRDA:1270,145,1,0
BRF:219
BRH:0
end_of_record
